\BOOKMARK [1][-]{section.1}{Scholastic Achievements}{}% 1
\BOOKMARK [2][-]{subsection.1.1}{GATE Rank}{section.1}% 2
\BOOKMARK [2][-]{subsection.1.2}{AIEEE Rank}{section.1}% 3
\BOOKMARK [2][-]{subsection.1.3}{Abacus Competition}{section.1}% 4
\BOOKMARK [1][-]{section.2}{Major Projects and Seminar}{}% 5
\BOOKMARK [2][-]{subsection.2.1}{E-Mail from Guide}{section.2}% 6
\BOOKMARK [1][-]{section.3}{Work Experience}{}% 7
\BOOKMARK [2][-]{subsection.3.1}{E-Mail from Instructor}{section.3}% 8
\BOOKMARK [2][-]{subsection.3.2}{E-Mail from Lab Incharge}{section.3}% 9
\BOOKMARK [1][-]{section.4}{Key Course Projects}{}% 10
\BOOKMARK [2][-]{subsection.4.1}{Verified By DPC}{section.4}% 11
\BOOKMARK [1][-]{section.5}{Positions of Responsibility}{}% 12
\BOOKMARK [2][-]{subsection.5.1}{E-Mail from Hostel 1 Gen. Secy}{section.5}% 13
\BOOKMARK [2][-]{subsection.5.2}{E-Mail from current OC, Bridgecourse}{section.5}% 14
\BOOKMARK [2][-]{subsection.5.3}{E-Mail from Faculty Coordinator, ISCP}{section.5}% 15
\BOOKMARK [2][-]{subsection.5.4}{E-Mail from PGAC Gen. Secy}{section.5}% 16
\BOOKMARK [2][-]{subsection.5.5}{E-Mail from OC, SRG EE IITB}{section.5}% 17
\BOOKMARK [1][-]{section.6}{Other Activities \046 Interests}{}% 18
\BOOKMARK [2][-]{subsection.6.1}{Certificate from PGAC, IITB}{section.6}% 19
\BOOKMARK [2][-]{subsection.6.2}{E-Mail from current OC, Bridgecourse}{section.6}% 20
